  MainForm.cpp
D:\VisualStudio22\PROJECTS\MapTrackerProj\CodeBase\AlgoProject\AlgoProject\MainForm.h(235,10): warning C4244: 'argument': conversion from 'double' to 'int', possible loss of data
  (compiling source file 'MainForm.cpp')
  
D:\VisualStudio22\PROJECTS\MapTrackerProj\CodeBase\AlgoProject\AlgoProject\MainForm.h(234,31): warning C4244: 'argument': conversion from 'double' to 'int', possible loss of data
  (compiling source file 'MainForm.cpp')
  
D:\VisualStudio22\PROJECTS\MapTrackerProj\CodeBase\AlgoProject\AlgoProject\MainForm.h(248,58): warning C4244: 'argument': conversion from 'double' to 'int', possible loss of data
  (compiling source file 'MainForm.cpp')
  
D:\VisualStudio22\PROJECTS\MapTrackerProj\CodeBase\AlgoProject\AlgoProject\MainForm.h(248,52): warning C4244: 'argument': conversion from 'double' to 'int', possible loss of data
  (compiling source file 'MainForm.cpp')
  
D:\VisualStudio22\PROJECTS\MapTrackerProj\CodeBase\AlgoProject\AlgoProject\MainForm.h(248,77): warning C4244: 'argument': conversion from 'double' to 'int', possible loss of data
  (compiling source file 'MainForm.cpp')
  
D:\VisualStudio22\PROJECTS\MapTrackerProj\CodeBase\AlgoProject\AlgoProject\MainForm.h(248,71): warning C4244: 'argument': conversion from 'double' to 'int', possible loss of data
  (compiling source file 'MainForm.cpp')
  
  main.cpp
D:\VisualStudio22\PROJECTS\MapTrackerProj\CodeBase\AlgoProject\AlgoProject\MainForm.h(235,10): warning C4244: 'argument': conversion from 'double' to 'int', possible loss of data
  (compiling source file 'main.cpp')
  
D:\VisualStudio22\PROJECTS\MapTrackerProj\CodeBase\AlgoProject\AlgoProject\MainForm.h(234,31): warning C4244: 'argument': conversion from 'double' to 'int', possible loss of data
  (compiling source file 'main.cpp')
  
D:\VisualStudio22\PROJECTS\MapTrackerProj\CodeBase\AlgoProject\AlgoProject\MainForm.h(248,58): warning C4244: 'argument': conversion from 'double' to 'int', possible loss of data
  (compiling source file 'main.cpp')
  
D:\VisualStudio22\PROJECTS\MapTrackerProj\CodeBase\AlgoProject\AlgoProject\MainForm.h(248,52): warning C4244: 'argument': conversion from 'double' to 'int', possible loss of data
  (compiling source file 'main.cpp')
  
D:\VisualStudio22\PROJECTS\MapTrackerProj\CodeBase\AlgoProject\AlgoProject\MainForm.h(248,77): warning C4244: 'argument': conversion from 'double' to 'int', possible loss of data
  (compiling source file 'main.cpp')
  
D:\VisualStudio22\PROJECTS\MapTrackerProj\CodeBase\AlgoProject\AlgoProject\MainForm.h(248,71): warning C4244: 'argument': conversion from 'double' to 'int', possible loss of data
  (compiling source file 'main.cpp')
  
  Generating Code...
  main.obj : MSIL module encountered; incremental linking is disabled for MSIL; performing full link
  AlgoProject.vcxproj -> D:\VisualStudio22\PROJECTS\MapTrackerProj\CodeBase\AlgoProject\x64\Debug\AlgoProject.exe
