d:\visualstudio22\projects\maptrackerproj\codebase\algoproject\algoproject\x64\debug\vc143.pdb
d:\visualstudio22\projects\maptrackerproj\codebase\algoproject\algoproject\x64\debug\.netframework,version=v4.7.2.assemblyattributes.obj
d:\visualstudio22\projects\maptrackerproj\codebase\algoproject\algoproject\x64\debug\utility.obj
d:\visualstudio22\projects\maptrackerproj\codebase\algoproject\algoproject\x64\debug\types.obj
d:\visualstudio22\projects\maptrackerproj\codebase\algoproject\algoproject\x64\debug\pathfinder.obj
d:\visualstudio22\projects\maptrackerproj\codebase\algoproject\algoproject\x64\debug\mainform.obj
d:\visualstudio22\projects\maptrackerproj\codebase\algoproject\algoproject\x64\debug\main.obj
d:\visualstudio22\projects\maptrackerproj\codebase\algoproject\algoproject\x64\debug\filehandling.obj
d:\visualstudio22\projects\maptrackerproj\codebase\algoproject\x64\debug\algoproject.exe
d:\visualstudio22\projects\maptrackerproj\codebase\algoproject\algoproject\x64\debug\algoproject.vcxproj.assemblyreference.cache
d:\visualstudio22\projects\maptrackerproj\codebase\algoproject\algoproject\x64\debug\algoproject.vcxproj.generateresource.cache
d:\visualstudio22\projects\maptrackerproj\codebase\algoproject\algoproject\x64\debug\algoproject.mainform.resources
d:\visualstudio22\projects\maptrackerproj\codebase\algoproject\x64\debug\algoproject.pdb
d:\visualstudio22\projects\maptrackerproj\codebase\algoproject\algoproject\x64\debug\algoproject.tlog\cl.command.1.tlog
d:\visualstudio22\projects\maptrackerproj\codebase\algoproject\algoproject\x64\debug\algoproject.tlog\cl.read.1.tlog
d:\visualstudio22\projects\maptrackerproj\codebase\algoproject\algoproject\x64\debug\algoproject.tlog\cl.write.1.tlog
d:\visualstudio22\projects\maptrackerproj\codebase\algoproject\algoproject\x64\debug\algoproject.tlog\link.22348-cvtres.read.1.tlog
d:\visualstudio22\projects\maptrackerproj\codebase\algoproject\algoproject\x64\debug\algoproject.tlog\link.22348-cvtres.write.1.tlog
d:\visualstudio22\projects\maptrackerproj\codebase\algoproject\algoproject\x64\debug\algoproject.tlog\link.22348-rc.read.1.tlog
d:\visualstudio22\projects\maptrackerproj\codebase\algoproject\algoproject\x64\debug\algoproject.tlog\link.22348-rc.write.1.tlog
d:\visualstudio22\projects\maptrackerproj\codebase\algoproject\algoproject\x64\debug\algoproject.tlog\link.22348.read.1.tlog
d:\visualstudio22\projects\maptrackerproj\codebase\algoproject\algoproject\x64\debug\algoproject.tlog\link.22348.read.2.tlog
d:\visualstudio22\projects\maptrackerproj\codebase\algoproject\algoproject\x64\debug\algoproject.tlog\link.22348.write.1.tlog
d:\visualstudio22\projects\maptrackerproj\codebase\algoproject\algoproject\x64\debug\algoproject.tlog\link.command.1.tlog
d:\visualstudio22\projects\maptrackerproj\codebase\algoproject\algoproject\x64\debug\algoproject.tlog\link.read.1.tlog
d:\visualstudio22\projects\maptrackerproj\codebase\algoproject\algoproject\x64\debug\algoproject.tlog\link.read.2.tlog
d:\visualstudio22\projects\maptrackerproj\codebase\algoproject\algoproject\x64\debug\algoproject.tlog\link.write.1.tlog
d:\visualstudio22\projects\maptrackerproj\codebase\algoproject\algoproject\x64\debug\algoproject.tlog\metagen.read.1.tlog
d:\visualstudio22\projects\maptrackerproj\codebase\algoproject\algoproject\x64\debug\algoproject.tlog\metagen.write.1.tlog
d:\visualstudio22\projects\maptrackerproj\codebase\algoproject\algoproject\x64\debug\algoproject.tlog\resgen.command.1.tlog
d:\visualstudio22\projects\maptrackerproj\codebase\algoproject\algoproject\x64\debug\algoproject.tlog\resgen.read.1.tlog
d:\visualstudio22\projects\maptrackerproj\codebase\algoproject\algoproject\x64\debug\algoproject.tlog\resgen.write.1.tlog
