  FileHandling.cpp
  main.cpp
D:\VisualStudio22\PROJECTS\MapTrackerProj\CodeBase\AlgoProject\AlgoProject\MainForm.h(425,10): warning C4244: 'argument': conversion from 'double' to 'int', possible loss of data
  (compiling source file 'main.cpp')
  
D:\VisualStudio22\PROJECTS\MapTrackerProj\CodeBase\AlgoProject\AlgoProject\MainForm.h(424,31): warning C4244: 'argument': conversion from 'double' to 'int', possible loss of data
  (compiling source file 'main.cpp')
  
D:\VisualStudio22\PROJECTS\MapTrackerProj\CodeBase\AlgoProject\AlgoProject\MainForm.h(438,58): warning C4244: 'argument': conversion from 'double' to 'int', possible loss of data
  (compiling source file 'main.cpp')
  
D:\VisualStudio22\PROJECTS\MapTrackerProj\CodeBase\AlgoProject\AlgoProject\MainForm.h(438,52): warning C4244: 'argument': conversion from 'double' to 'int', possible loss of data
  (compiling source file 'main.cpp')
  
D:\VisualStudio22\PROJECTS\MapTrackerProj\CodeBase\AlgoProject\AlgoProject\MainForm.h(438,77): warning C4244: 'argument': conversion from 'double' to 'int', possible loss of data
  (compiling source file 'main.cpp')
  
D:\VisualStudio22\PROJECTS\MapTrackerProj\CodeBase\AlgoProject\AlgoProject\MainForm.h(438,71): warning C4244: 'argument': conversion from 'double' to 'int', possible loss of data
  (compiling source file 'main.cpp')
  
D:\VisualStudio22\PROJECTS\MapTrackerProj\CodeBase\AlgoProject\AlgoProject\MainForm.h(541,9): warning C4267: 'initializing': conversion from 'size_t' to 'int', possible loss of data
  (compiling source file 'main.cpp')
  
D:\VisualStudio22\PROJECTS\MapTrackerProj\CodeBase\AlgoProject\AlgoProject\MainForm.h(548,9): warning C4267: 'initializing': conversion from 'size_t' to 'int', possible loss of data
  (compiling source file 'main.cpp')
  
  MainForm.cpp
D:\VisualStudio22\PROJECTS\MapTrackerProj\CodeBase\AlgoProject\AlgoProject\MainForm.h(425,10): warning C4244: 'argument': conversion from 'double' to 'int', possible loss of data
  (compiling source file 'MainForm.cpp')
  
D:\VisualStudio22\PROJECTS\MapTrackerProj\CodeBase\AlgoProject\AlgoProject\MainForm.h(424,31): warning C4244: 'argument': conversion from 'double' to 'int', possible loss of data
  (compiling source file 'MainForm.cpp')
  
D:\VisualStudio22\PROJECTS\MapTrackerProj\CodeBase\AlgoProject\AlgoProject\MainForm.h(438,58): warning C4244: 'argument': conversion from 'double' to 'int', possible loss of data
  (compiling source file 'MainForm.cpp')
  
D:\VisualStudio22\PROJECTS\MapTrackerProj\CodeBase\AlgoProject\AlgoProject\MainForm.h(438,52): warning C4244: 'argument': conversion from 'double' to 'int', possible loss of data
  (compiling source file 'MainForm.cpp')
  
D:\VisualStudio22\PROJECTS\MapTrackerProj\CodeBase\AlgoProject\AlgoProject\MainForm.h(438,77): warning C4244: 'argument': conversion from 'double' to 'int', possible loss of data
  (compiling source file 'MainForm.cpp')
  
D:\VisualStudio22\PROJECTS\MapTrackerProj\CodeBase\AlgoProject\AlgoProject\MainForm.h(438,71): warning C4244: 'argument': conversion from 'double' to 'int', possible loss of data
  (compiling source file 'MainForm.cpp')
  
D:\VisualStudio22\PROJECTS\MapTrackerProj\CodeBase\AlgoProject\AlgoProject\MainForm.h(541,9): warning C4267: 'initializing': conversion from 'size_t' to 'int', possible loss of data
  (compiling source file 'MainForm.cpp')
  
D:\VisualStudio22\PROJECTS\MapTrackerProj\CodeBase\AlgoProject\AlgoProject\MainForm.h(548,9): warning C4267: 'initializing': conversion from 'size_t' to 'int', possible loss of data
  (compiling source file 'MainForm.cpp')
  
  PathFinder.cpp
D:\VisualStudio22\PROJECTS\MapTrackerProj\CodeBase\AlgoProject\AlgoProject\PathFinder.cpp(39,17): warning C4267: 'initializing': conversion from 'size_t' to 'int', possible loss of data
D:\VisualStudio22\PROJECTS\MapTrackerProj\CodeBase\AlgoProject\AlgoProject\PathFinder.cpp(140,24): warning C4267: 'initializing': conversion from 'size_t' to 'int', possible loss of data
D:\VisualStudio22\PROJECTS\MapTrackerProj\CodeBase\AlgoProject\AlgoProject\PathFinder.cpp(141,22): warning C4267: 'initializing': conversion from 'size_t' to 'int', possible loss of data
  Types.cpp
  Utility.cpp
  .NETFramework,Version=v4.7.2.AssemblyAttributes.cpp
  Generating Code...
  FileHandling.obj : MSIL module encountered; incremental linking is disabled for MSIL; performing full link
  AlgoProject.vcxproj -> D:\VisualStudio22\PROJECTS\MapTrackerProj\CodeBase\AlgoProject\x64\Release\AlgoProject.exe
